DoAPP/build/outputs/logs/manifest-merger-release-report.txt
-- Merging decision tree log ---
manifest
ADDED from MyApplication\DoAPP\AndroidManifest.xml:2:1-690:12
	android:anyDensity
		ADDED from MyApplication\DoAPP\AndroidManifest.xml:4:5-30
	xmlns:android
		ADDED from MyApplication\DoAPP\AndroidManifest.xml:2:11-69
	package
		ADDED from MyApplication\DoAPP\AndroidManifest.xml:3:5-32
	android:versionName
		ADDED from MyApplication\DoAPP\AndroidManifest.xml:6:5-32
	android:versionCode
		ADDED from MyApplication\DoAPP\AndroidManifest.xml:5:5-28
		INJECTED from MyApplication\DoAPP\AndroidManifest.xml
		INJECTED from MyApplication\DoAPP\AndroidManifest.xml
uses-sdk
ADDED from MyApplication\DoAPP\AndroidManifest.xml:8:5-10:41
MERGED from [MyApplication:easeUI:unspecified] AndroidManifest.xml:7:5-9:41
MERGED from [com.android.support:support-v4:23.1.0] AndroidManifest.xml:20:5-43
MERGED from [com.zhy:autolayout:1.4.1] AndroidManifest.xml:7:5-9:41
MERGED from [com.android.support:appcompat-v7:23.0.1] AndroidManifest.xml:20:5-43
MERGED from [com.android.support:support-v4:23.1.0] AndroidManifest.xml:20:5-43
MERGED from [com.android.support:cardview-v7:23.0.1] AndroidManifest.xml:20:5-43
MERGED from [com.zhy:autolayout:1.4.1] AndroidManifest.xml:7:5-9:41
MERGED from [com.android.support:appcompat-v7:23.0.1] AndroidManifest.xml:20:5-43
MERGED from [com.android.support:support-v4:23.1.0] AndroidManifest.xml:20:5-43
MERGED from [com.android.support:cardview-v7:23.0.1] AndroidManifest.xml:20:5-43
MERGED from [com.czt.mp3recorder:library:1.0.2] AndroidManifest.xml:7:5-9:41
MERGED from [com.android.support:recyclerview-v7:23.1.0] AndroidManifest.xml:20:5-43
MERGED from [com.android.support:support-v4:23.1.0] AndroidManifest.xml:20:5-43
	android:targetSdkVersion
		ADDED from MyApplication\DoAPP\AndroidManifest.xml:10:9-38
		INJECTED from MyApplication\DoAPP\AndroidManifest.xml
		INJECTED from MyApplication\DoAPP\AndroidManifest.xml
	android:minSdkVersion
		ADDED from MyApplication\DoAPP\AndroidManifest.xml:9:9-35
uses-permission#android.permission.CALL_PHONE
ADDED from MyApplication\DoAPP\AndroidManifest.xml:12:5-69
	android:name
		ADDED from MyApplication\DoAPP\AndroidManifest.xml:12:22-66
uses-permission#android.permission.CAMERA
ADDED from MyApplication\DoAPP\AndroidManifest.xml:13:5-65
	android:name
		ADDED from MyApplication\DoAPP\AndroidManifest.xml:13:22-62
uses-permission#android.permission.VIBRATE
ADDED from MyApplication\DoAPP\AndroidManifest.xml:14:5-66
	android:name
		ADDED from MyApplication\DoAPP\AndroidManifest.xml:14:22-63
uses-permission#android.permission.FLASHLIGHT
ADDED from MyApplication\DoAPP\AndroidManifest.xml:15:5-69
	android:name
		ADDED from MyApplication\DoAPP\AndroidManifest.xml:15:22-66
uses-feature#android.hardware.camera
ADDED from MyApplication\DoAPP\AndroidManifest.xml:17:5-60
	android:name
		ADDED from MyApplication\DoAPP\AndroidManifest.xml:17:19-57
uses-feature#android.hardware.camera.autofocus
ADDED from MyApplication\DoAPP\AndroidManifest.xml:18:5-70
	android:name
		ADDED from MyApplication\DoAPP\AndroidManifest.xml:18:19-67
uses-permission#android.permission.INTERNET
ADDED from MyApplication\DoAPP\AndroidManifest.xml:20:5-67
	android:name
		ADDED from MyApplication\DoAPP\AndroidManifest.xml:20:22-64
uses-permission#android.permission.ACCESS_NETWORK_STATE
ADDED from MyApplication\DoAPP\AndroidManifest.xml:21:5-79
	android:name
		ADDED from MyApplication\DoAPP\AndroidManifest.xml:21:22-76
uses-permission#android.permission.WRITE_EXTERNAL_STORAGE
ADDED from MyApplication\DoAPP\AndroidManifest.xml:22:5-81
MERGED from [com.czt.mp3recorder:library:1.0.2] AndroidManifest.xml:12:5-81
	android:name
		ADDED from MyApplication\DoAPP\AndroidManifest.xml:22:22-78
uses-permission#android.permission.READ_PHONE_STATE
ADDED from MyApplication\DoAPP\AndroidManifest.xml:23:5-75
	android:name
		ADDED from MyApplication\DoAPP\AndroidManifest.xml:23:22-72
uses-permission#android.permission.READ_EXTERNAL_STORAGE
ADDED from MyApplication\DoAPP\AndroidManifest.xml:24:5-80
	android:name
		ADDED from MyApplication\DoAPP\AndroidManifest.xml:24:22-77
uses-permission#android.permission.READ_CONTACTS
ADDED from MyApplication\DoAPP\AndroidManifest.xml:25:5-72
	android:name
		ADDED from MyApplication\DoAPP\AndroidManifest.xml:25:22-69
uses-permission#android.permission.RECORD_AUDIO
ADDED from MyApplication\DoAPP\AndroidManifest.xml:26:5-71
MERGED from [com.czt.mp3recorder:library:1.0.2] AndroidManifest.xml:11:5-71
	android:name
		ADDED from MyApplication\DoAPP\AndroidManifest.xml:26:22-68
uses-permission#android.permission.MOUNT_UNMOUNT_FILESYSTEMS
ADDED from MyApplication\DoAPP\AndroidManifest.xml:27:5-84
	android:name
		ADDED from MyApplication\DoAPP\AndroidManifest.xml:27:22-81
uses-permission#android.permission.ACCESS_FINE_LOCATION
ADDED from MyApplication\DoAPP\AndroidManifest.xml:28:5-79
	android:name
		ADDED from MyApplication\DoAPP\AndroidManifest.xml:28:22-76
uses-permission#android.permission.ACCESS_WIFI_STATE
ADDED from MyApplication\DoAPP\AndroidManifest.xml:29:5-76
	android:name
		ADDED from MyApplication\DoAPP\AndroidManifest.xml:29:22-73
uses-permission#android.permission.CHANGE_WIFI_STATE
ADDED from MyApplication\DoAPP\AndroidManifest.xml:30:5-76
	android:name
		ADDED from MyApplication\DoAPP\AndroidManifest.xml:30:22-73
uses-permission#android.permission.WAKE_LOCK
ADDED from MyApplication\DoAPP\AndroidManifest.xml:31:5-68
	android:name
		ADDED from MyApplication\DoAPP\AndroidManifest.xml:31:22-65
uses-permission#android.permission.MODIFY_AUDIO_SETTINGS
ADDED from MyApplication\DoAPP\AndroidManifest.xml:32:5-80
	android:name
		ADDED from MyApplication\DoAPP\AndroidManifest.xml:32:22-77
uses-permission#android.permission.RECEIVE_BOOT_COMPLETED
ADDED from MyApplication\DoAPP\AndroidManifest.xml:34:5-81
	android:name
		ADDED from MyApplication\DoAPP\AndroidManifest.xml:34:22-78
uses-permission#android.permission.GET_ACCOUNTS
ADDED from MyApplication\DoAPP\AndroidManifest.xml:35:5-71
	android:name
		ADDED from MyApplication\DoAPP\AndroidManifest.xml:35:22-68
uses-permission#android.permission.USE_CREDENTIALS
ADDED from MyApplication\DoAPP\AndroidManifest.xml:36:5-74
	android:name
		ADDED from MyApplication\DoAPP\AndroidManifest.xml:36:22-71
uses-permission#android.permission.MANAGE_ACCOUNTS
ADDED from MyApplication\DoAPP\AndroidManifest.xml:37:5-74
	android:name
		ADDED from MyApplication\DoAPP\AndroidManifest.xml:37:22-71
uses-permission#android.permission.AUTHENTICATE_ACCOUNTS
ADDED from MyApplication\DoAPP\AndroidManifest.xml:38:5-80
	android:name
		ADDED from MyApplication\DoAPP\AndroidManifest.xml:38:22-77
uses-permission#com.android.launcher.permission.READ_SETTINGS
ADDED from MyApplication\DoAPP\AndroidManifest.xml:39:5-85
	android:name
		ADDED from MyApplication\DoAPP\AndroidManifest.xml:39:22-82
uses-permission#android.permission.BROADCAST_STICKY
ADDED from MyApplication\DoAPP\AndroidManifest.xml:40:5-75
	android:name
		ADDED from MyApplication\DoAPP\AndroidManifest.xml:40:22-72
uses-permission#android.permission.WRITE_SETTINGS
ADDED from MyApplication\DoAPP\AndroidManifest.xml:41:5-73
	android:name
		ADDED from MyApplication\DoAPP\AndroidManifest.xml:41:22-70
uses-permission#com.google.android.c2dm.permission.RECEIVE
ADDED from MyApplication\DoAPP\AndroidManifest.xml:42:5-82
	android:name
		ADDED from MyApplication\DoAPP\AndroidManifest.xml:42:22-79
uses-permission#android.permission.READ_CALENDAR
ADDED from MyApplication\DoAPP\AndroidManifest.xml:43:5-72
	android:name
		ADDED from MyApplication\DoAPP\AndroidManifest.xml:43:22-69
uses-permission#android.permission.WRITE_CALENDAR
ADDED from MyApplication\DoAPP\AndroidManifest.xml:44:5-73
	android:name
		ADDED from MyApplication\DoAPP\AndroidManifest.xml:44:22-70
uses-permission#com.example.doapp.permission.JPUSH_MESSAGE
ADDED from MyApplication\DoAPP\AndroidManifest.xml:46:5-82
	android:name
		ADDED from MyApplication\DoAPP\AndroidManifest.xml:46:22-79
uses-permission#android.permission.RECEIVE_USER_PRESENT
ADDED from MyApplication\DoAPP\AndroidManifest.xml:47:5-79
	android:name
		ADDED from MyApplication\DoAPP\AndroidManifest.xml:47:22-76
uses-permission#android.permission.ACCESS_COARSE_LOCATION
ADDED from MyApplication\DoAPP\AndroidManifest.xml:50:5-81
	android:name
		ADDED from MyApplication\DoAPP\AndroidManifest.xml:50:22-78
uses-permission#android.permission.ACCESS_LOCATION_EXTRA_COMMANDS
ADDED from MyApplication\DoAPP\AndroidManifest.xml:52:5-89
	android:name
		ADDED from MyApplication\DoAPP\AndroidManifest.xml:52:22-86
uses-permission#android.permission.CHANGE_NETWORK_STATE
ADDED from MyApplication\DoAPP\AndroidManifest.xml:53:5-79
	android:name
		ADDED from MyApplication\DoAPP\AndroidManifest.xml:53:22-76
permission#com.example.doapp.permission.JPUSH_MESSAGE
ADDED from MyApplication\DoAPP\AndroidManifest.xml:55:5-57:47
	android:protectionLevel
		ADDED from MyApplication\DoAPP\AndroidManifest.xml:57:9-44
	android:name
		ADDED from MyApplication\DoAPP\AndroidManifest.xml:56:9-66
permission#com.example.doapp.permission.C2D_MESSAGE
ADDED from MyApplication\DoAPP\AndroidManifest.xml:58:5-60:47
	android:protectionLevel
		ADDED from MyApplication\DoAPP\AndroidManifest.xml:60:9-44
	android:name
		ADDED from MyApplication\DoAPP\AndroidManifest.xml:59:9-64
uses-permission#com.example.permission.doappC2D_MESSAGE
ADDED from MyApplication\DoAPP\AndroidManifest.xml:62:5-79
	android:name
		ADDED from MyApplication\DoAPP\AndroidManifest.xml:62:22-76
application
ADDED from MyApplication\DoAPP\AndroidManifest.xml:65:5-688:19
MERGED from [MyApplication:easeUI:unspecified] AndroidManifest.xml:11:5-12:19
MERGED from [com.android.support:support-v4:23.1.0] AndroidManifest.xml:22:5-20
MERGED from [com.zhy:autolayout:1.4.1] AndroidManifest.xml:11:5-14:19
MERGED from [com.android.support:appcompat-v7:23.0.1] AndroidManifest.xml:22:5-20
MERGED from [com.android.support:support-v4:23.1.0] AndroidManifest.xml:22:5-20
MERGED from [com.android.support:cardview-v7:23.0.1] AndroidManifest.xml:22:5-20
MERGED from [com.zhy:autolayout:1.4.1] AndroidManifest.xml:11:5-14:19
MERGED from [com.android.support:appcompat-v7:23.0.1] AndroidManifest.xml:22:5-20
MERGED from [com.android.support:support-v4:23.1.0] AndroidManifest.xml:22:5-20
MERGED from [com.android.support:cardview-v7:23.0.1] AndroidManifest.xml:22:5-20
MERGED from [com.android.support:support-v4:23.1.0] AndroidManifest.xml:22:5-20
	android:label
		ADDED from MyApplication\DoAPP\AndroidManifest.xml:69:9-41
	android:allowBackup
		ADDED from MyApplication\DoAPP\AndroidManifest.xml:67:9-35
	android:icon
		ADDED from MyApplication\DoAPP\AndroidManifest.xml:68:9-40
	android:name
		ADDED from MyApplication\DoAPP\AndroidManifest.xml:66:9-88
meta-data#design_width
ADDED from MyApplication\DoAPP\AndroidManifest.xml:70:9-73:21
	android:name
		ADDED from MyApplication\DoAPP\AndroidManifest.xml:71:13-40
	android:value
		ADDED from MyApplication\DoAPP\AndroidManifest.xml:72:13-33
meta-data#design_height
ADDED from MyApplication\DoAPP\AndroidManifest.xml:74:9-77:21
	android:name
		ADDED from MyApplication\DoAPP\AndroidManifest.xml:75:13-41
	android:value
		ADDED from MyApplication\DoAPP\AndroidManifest.xml:76:13-33
activity#com.lanxiao.doapp.activity.SplashActivity
ADDED from MyApplication\DoAPP\AndroidManifest.xml:79:9-88:20
	android:screenOrientation
		ADDED from MyApplication\DoAPP\AndroidManifest.xml:81:13-49
	android:theme
		ADDED from MyApplication\DoAPP\AndroidManifest.xml:82:13-69
	android:name
		ADDED from MyApplication\DoAPP\AndroidManifest.xml:80:13-69
intent-filter#android.intent.action.MAIN+android.intent.category.LAUNCHER
ADDED from MyApplication\DoAPP\AndroidManifest.xml:83:13-87:29
action#android.intent.action.MAIN
ADDED from MyApplication\DoAPP\AndroidManifest.xml:84:17-69
	android:name
		ADDED from MyApplication\DoAPP\AndroidManifest.xml:84:25-66
category#android.intent.category.LAUNCHER
ADDED from MyApplication\DoAPP\AndroidManifest.xml:86:17-77
	android:name
		ADDED from MyApplication\DoAPP\AndroidManifest.xml:86:27-74
activity#com.lanxiao.doapp.activity.MainActivity
ADDED from MyApplication\DoAPP\AndroidManifest.xml:89:9-101:20
	android:windowSoftInputMode
		ADDED from MyApplication\DoAPP\AndroidManifest.xml:95:13-52
	android:screenOrientation
		ADDED from MyApplication\DoAPP\AndroidManifest.xml:93:13-49
	android:label
		ADDED from MyApplication\DoAPP\AndroidManifest.xml:91:13-45
	android:theme
		ADDED from MyApplication\DoAPP\AndroidManifest.xml:94:13-69
	android:name
		ADDED from MyApplication\DoAPP\AndroidManifest.xml:90:13-67
	android:launchMode
		ADDED from MyApplication\DoAPP\AndroidManifest.xml:92:13-44
intent-filter#android.intent.action.mainActivity+android.intent.category.DEFAULT
ADDED from MyApplication\DoAPP\AndroidManifest.xml:96:13-100:29
action#android.intent.action.mainActivity
ADDED from MyApplication\DoAPP\AndroidManifest.xml:97:17-77
	android:name
		ADDED from MyApplication\DoAPP\AndroidManifest.xml:97:25-74
category#android.intent.category.DEFAULT
ADDED from MyApplication\DoAPP\AndroidManifest.xml:99:17-76
	android:name
		ADDED from MyApplication\DoAPP\AndroidManifest.xml:99:27-73
activity#com.lanxiao.doapp.activity.CaptureActivity
ADDED from MyApplication\DoAPP\AndroidManifest.xml:102:9-112:20
	android:screenOrientation
		ADDED from MyApplication\DoAPP\AndroidManifest.xml:105:13-49
	android:theme
		ADDED from MyApplication\DoAPP\AndroidManifest.xml:106:13-69
	android:name
		ADDED from MyApplication\DoAPP\AndroidManifest.xml:103:13-70
	android:launchMode
		ADDED from MyApplication\DoAPP\AndroidManifest.xml:104:13-43
intent-filter#android.intent.captureActivity+android.intent.category.DEFAULT
ADDED from MyApplication\DoAPP\AndroidManifest.xml:107:13-111:29
action#android.intent.captureActivity
ADDED from MyApplication\DoAPP\AndroidManifest.xml:108:17-73
	android:name
		ADDED from MyApplication\DoAPP\AndroidManifest.xml:108:25-70
activity#com.lanxiao.doapp.activity.WebActivity
ADDED from MyApplication\DoAPP\AndroidManifest.xml:113:9-122:20
	android:screenOrientation
		ADDED from MyApplication\DoAPP\AndroidManifest.xml:115:13-49
	android:theme
		ADDED from MyApplication\DoAPP\AndroidManifest.xml:116:13-69
	android:name
		ADDED from MyApplication\DoAPP\AndroidManifest.xml:114:13-66
intent-filter#android.intent.category.DEFAULT+android.intent.webActivity
ADDED from MyApplication\DoAPP\AndroidManifest.xml:117:13-121:29
action#android.intent.webActivity
ADDED from MyApplication\DoAPP\AndroidManifest.xml:118:17-69
	android:name
		ADDED from MyApplication\DoAPP\AndroidManifest.xml:118:25-66
activity#com.lanxiao.doapp.activity.PublicActivity
ADDED from MyApplication\DoAPP\AndroidManifest.xml:123:9-134:20
	android:windowSoftInputMode
		ADDED from MyApplication\DoAPP\AndroidManifest.xml:128:13-55
	android:screenOrientation
		ADDED from MyApplication\DoAPP\AndroidManifest.xml:126:13-49
	android:theme
		ADDED from MyApplication\DoAPP\AndroidManifest.xml:127:13-69
	android:name
		ADDED from MyApplication\DoAPP\AndroidManifest.xml:124:13-69
	android:launchMode
		ADDED from MyApplication\DoAPP\AndroidManifest.xml:125:13-43
intent-filter#android.intent.category.DEFAULT+android.intent.publicActivity
ADDED from MyApplication\DoAPP\AndroidManifest.xml:129:13-133:29
action#android.intent.publicActivity
ADDED from MyApplication\DoAPP\AndroidManifest.xml:130:17-72
	android:name
		ADDED from MyApplication\DoAPP\AndroidManifest.xml:130:25-69
activity#com.lanxiao.doapp.activity.InputActivity
ADDED from MyApplication\DoAPP\AndroidManifest.xml:135:9-145:20
	android:windowSoftInputMode
		ADDED from MyApplication\DoAPP\AndroidManifest.xml:139:13-68
	android:screenOrientation
		ADDED from MyApplication\DoAPP\AndroidManifest.xml:137:13-49
	android:theme
		ADDED from MyApplication\DoAPP\AndroidManifest.xml:138:13-69
	android:name
		ADDED from MyApplication\DoAPP\AndroidManifest.xml:136:13-68
intent-filter#android.intent.category.DEFAULT+android.intent.inputActivity
ADDED from MyApplication\DoAPP\AndroidManifest.xml:140:13-144:29
action#android.intent.inputActivity
ADDED from MyApplication\DoAPP\AndroidManifest.xml:141:17-71
	android:name
		ADDED from MyApplication\DoAPP\AndroidManifest.xml:141:25-68
activity#com.lanxiao.doapp.activity.LocatContentActivity
ADDED from MyApplication\DoAPP\AndroidManifest.xml:146:9-150:72
	android:screenOrientation
		ADDED from MyApplication\DoAPP\AndroidManifest.xml:149:13-49
	android:label
		ADDED from MyApplication\DoAPP\AndroidManifest.xml:148:13-69
	android:theme
		ADDED from MyApplication\DoAPP\AndroidManifest.xml:150:13-69
	android:name
		ADDED from MyApplication\DoAPP\AndroidManifest.xml:147:13-75
activity#com.lanxiao.doapp.activity.LoginActivity
ADDED from MyApplication\DoAPP\AndroidManifest.xml:153:9-157:72
	android:screenOrientation
		ADDED from MyApplication\DoAPP\AndroidManifest.xml:156:13-49
	android:theme
		ADDED from MyApplication\DoAPP\AndroidManifest.xml:157:13-69
	android:name
		ADDED from MyApplication\DoAPP\AndroidManifest.xml:154:13-68
	android:launchMode
		ADDED from MyApplication\DoAPP\AndroidManifest.xml:155:13-44
activity#com.lanxiao.doapp.activity.RegisterActivity
ADDED from MyApplication\DoAPP\AndroidManifest.xml:160:9-164:71
	android:windowSoftInputMode
		ADDED from MyApplication\DoAPP\AndroidManifest.xml:164:13-68
	android:screenOrientation
		ADDED from MyApplication\DoAPP\AndroidManifest.xml:162:13-49
	android:theme
		ADDED from MyApplication\DoAPP\AndroidManifest.xml:163:13-69
	android:name
		ADDED from MyApplication\DoAPP\AndroidManifest.xml:161:13-71
activity#com.lanxiao.doapp.activity.ChatActivity
ADDED from MyApplication\DoAPP\AndroidManifest.xml:167:9-172:58
	android:windowSoftInputMode
		ADDED from MyApplication\DoAPP\AndroidManifest.xml:172:13-55
	android:screenOrientation
		ADDED from MyApplication\DoAPP\AndroidManifest.xml:170:13-49
	android:theme
		ADDED from MyApplication\DoAPP\AndroidManifest.xml:171:13-69
	android:name
		ADDED from MyApplication\DoAPP\AndroidManifest.xml:168:13-67
	android:launchMode
		ADDED from MyApplication\DoAPP\AndroidManifest.xml:169:13-43
activity#com.lanxiao.doapp.activity.AddContactActivity
ADDED from MyApplication\DoAPP\AndroidManifest.xml:174:9-178:58
	android:windowSoftInputMode
		ADDED from MyApplication\DoAPP\AndroidManifest.xml:178:13-55
	android:screenOrientation
		ADDED from MyApplication\DoAPP\AndroidManifest.xml:176:13-49
	android:theme
		ADDED from MyApplication\DoAPP\AndroidManifest.xml:177:13-69
	android:name
		ADDED from MyApplication\DoAPP\AndroidManifest.xml:175:13-73
activity#com.lanxiao.doapp.activity.GroupDetailsActivity
ADDED from MyApplication\DoAPP\AndroidManifest.xml:180:9-183:72
	android:screenOrientation
		ADDED from MyApplication\DoAPP\AndroidManifest.xml:182:13-49
	android:theme
		ADDED from MyApplication\DoAPP\AndroidManifest.xml:183:13-69
	android:name
		ADDED from MyApplication\DoAPP\AndroidManifest.xml:181:13-75
activity#com.lanxiao.doapp.activity.GroupsActivity
ADDED from MyApplication\DoAPP\AndroidManifest.xml:185:9-189:55
	android:windowSoftInputMode
		ADDED from MyApplication\DoAPP\AndroidManifest.xml:189:13-52
	android:screenOrientation
		ADDED from MyApplication\DoAPP\AndroidManifest.xml:187:13-49
	android:theme
		ADDED from MyApplication\DoAPP\AndroidManifest.xml:188:13-69
	android:name
		ADDED from MyApplication\DoAPP\AndroidManifest.xml:186:13-69
activity#com.lanxiao.doapp.activity.ChatRoomActivity
ADDED from MyApplication\DoAPP\AndroidManifest.xml:190:9-194:55
	android:windowSoftInputMode
		ADDED from MyApplication\DoAPP\AndroidManifest.xml:194:13-52
	android:screenOrientation
		ADDED from MyApplication\DoAPP\AndroidManifest.xml:192:13-49
	android:theme
		ADDED from MyApplication\DoAPP\AndroidManifest.xml:193:13-69
	android:name
		ADDED from MyApplication\DoAPP\AndroidManifest.xml:191:13-71
activity#com.lanxiao.doapp.activity.ChatRoomDetailsActivity
ADDED from MyApplication\DoAPP\AndroidManifest.xml:196:9-199:72
	android:screenOrientation
		ADDED from MyApplication\DoAPP\AndroidManifest.xml:198:13-49
	android:theme
		ADDED from MyApplication\DoAPP\AndroidManifest.xml:199:13-69
	android:name
		ADDED from MyApplication\DoAPP\AndroidManifest.xml:197:13-78
activity#com.easemob.easeui.ui.EaseShowBigImageActivity
ADDED from MyApplication\DoAPP\AndroidManifest.xml:200:9-203:72
	android:screenOrientation
		ADDED from MyApplication\DoAPP\AndroidManifest.xml:202:13-49
	android:theme
		ADDED from MyApplication\DoAPP\AndroidManifest.xml:203:13-69
	android:name
		ADDED from MyApplication\DoAPP\AndroidManifest.xml:201:13-74
activity#com.lanxiao.doapp.activity.NewGroupActivity
ADDED from MyApplication\DoAPP\AndroidManifest.xml:205:9-209:55
	android:windowSoftInputMode
		ADDED from MyApplication\DoAPP\AndroidManifest.xml:209:13-52
	android:screenOrientation
		ADDED from MyApplication\DoAPP\AndroidManifest.xml:207:13-49
	android:theme
		ADDED from MyApplication\DoAPP\AndroidManifest.xml:208:13-69
	android:name
		ADDED from MyApplication\DoAPP\AndroidManifest.xml:206:13-71
activity#com.lanxiao.doapp.framment.ExitGroupDialog
ADDED from MyApplication\DoAPP\AndroidManifest.xml:211:9-214:72
	android:screenOrientation
		ADDED from MyApplication\DoAPP\AndroidManifest.xml:213:13-49
	android:theme
		ADDED from MyApplication\DoAPP\AndroidManifest.xml:214:13-69
	android:name
		ADDED from MyApplication\DoAPP\AndroidManifest.xml:212:13-70
activity#com.lanxiao.doapp.activity.GroupPickContactsActivity
ADDED from MyApplication\DoAPP\AndroidManifest.xml:216:9-220:55
	android:windowSoftInputMode
		ADDED from MyApplication\DoAPP\AndroidManifest.xml:220:13-52
	android:screenOrientation
		ADDED from MyApplication\DoAPP\AndroidManifest.xml:218:13-49
	android:theme
		ADDED from MyApplication\DoAPP\AndroidManifest.xml:219:13-69
	android:name
		ADDED from MyApplication\DoAPP\AndroidManifest.xml:217:13-80
activity#com.easemob.easeui.ui.EaseBaiduMapActivity
ADDED from MyApplication\DoAPP\AndroidManifest.xml:222:9-225:72
	android:screenOrientation
		ADDED from MyApplication\DoAPP\AndroidManifest.xml:224:13-49
	android:theme
		ADDED from MyApplication\DoAPP\AndroidManifest.xml:225:13-69
	android:name
		ADDED from MyApplication\DoAPP\AndroidManifest.xml:223:13-70
activity#com.easemob.easeui.ui.EaseShowVideoActivity
ADDED from MyApplication\DoAPP\AndroidManifest.xml:227:9-230:72
	android:screenOrientation
		ADDED from MyApplication\DoAPP\AndroidManifest.xml:229:13-49
	android:theme
		ADDED from MyApplication\DoAPP\AndroidManifest.xml:230:13-69
	android:name
		ADDED from MyApplication\DoAPP\AndroidManifest.xml:228:13-71
activity#com.lanxiao.doapp.activity.ForwardMessageActivity
ADDED from MyApplication\DoAPP\AndroidManifest.xml:232:9-237:20
	android:windowSoftInputMode
		ADDED from MyApplication\DoAPP\AndroidManifest.xml:236:13-52
	android:screenOrientation
		ADDED from MyApplication\DoAPP\AndroidManifest.xml:234:13-49
	android:theme
		ADDED from MyApplication\DoAPP\AndroidManifest.xml:235:13-69
	android:name
		ADDED from MyApplication\DoAPP\AndroidManifest.xml:233:13-77
activity#com.lanxiao.doapp.activity.NewFriendsMsgActivity
ADDED from MyApplication\DoAPP\AndroidManifest.xml:239:9-242:72
	android:screenOrientation
		ADDED from MyApplication\DoAPP\AndroidManifest.xml:241:13-49
	android:theme
		ADDED from MyApplication\DoAPP\AndroidManifest.xml:242:13-69
	android:name
		ADDED from MyApplication\DoAPP\AndroidManifest.xml:240:13-76
activity#com.lanxiao.doapp.activity.ContextMenuActivity
ADDED from MyApplication\DoAPP\AndroidManifest.xml:245:9-248:52
	android:screenOrientation
		ADDED from MyApplication\DoAPP\AndroidManifest.xml:247:13-49
	android:theme
		ADDED from MyApplication\DoAPP\AndroidManifest.xml:248:13-49
	android:name
		ADDED from MyApplication\DoAPP\AndroidManifest.xml:246:13-74
activity#com.lanxiao.doapp.activity.ShowNormalFileActivity
ADDED from MyApplication\DoAPP\AndroidManifest.xml:251:9-254:72
	android:screenOrientation
		ADDED from MyApplication\DoAPP\AndroidManifest.xml:253:13-49
	android:theme
		ADDED from MyApplication\DoAPP\AndroidManifest.xml:254:13-69
	android:name
		ADDED from MyApplication\DoAPP\AndroidManifest.xml:252:13-77
activity#com.lanxiao.doapp.activity.BlacklistActivity
ADDED from MyApplication\DoAPP\AndroidManifest.xml:256:9-259:72
	android:screenOrientation
		ADDED from MyApplication\DoAPP\AndroidManifest.xml:258:13-49
	android:theme
		ADDED from MyApplication\DoAPP\AndroidManifest.xml:259:13-69
	android:name
		ADDED from MyApplication\DoAPP\AndroidManifest.xml:257:13-72
activity#com.lanxiao.doapp.activity.PublicGroupsActivity
ADDED from MyApplication\DoAPP\AndroidManifest.xml:262:9-266:55
	android:windowSoftInputMode
		ADDED from MyApplication\DoAPP\AndroidManifest.xml:266:13-52
	android:screenOrientation
		ADDED from MyApplication\DoAPP\AndroidManifest.xml:264:13-49
	android:theme
		ADDED from MyApplication\DoAPP\AndroidManifest.xml:265:13-69
	android:name
		ADDED from MyApplication\DoAPP\AndroidManifest.xml:263:13-75
activity#com.lanxiao.doapp.activity.PublicChatRoomsActivity
ADDED from MyApplication\DoAPP\AndroidManifest.xml:267:9-271:55
	android:windowSoftInputMode
		ADDED from MyApplication\DoAPP\AndroidManifest.xml:271:13-52
	android:screenOrientation
		ADDED from MyApplication\DoAPP\AndroidManifest.xml:269:13-49
	android:theme
		ADDED from MyApplication\DoAPP\AndroidManifest.xml:270:13-69
	android:name
		ADDED from MyApplication\DoAPP\AndroidManifest.xml:268:13-78
activity#com.lanxiao.doapp.activity.VoiceCallActivity
ADDED from MyApplication\DoAPP\AndroidManifest.xml:274:9-278:72
	android:screenOrientation
		ADDED from MyApplication\DoAPP\AndroidManifest.xml:277:13-49
	android:theme
		ADDED from MyApplication\DoAPP\AndroidManifest.xml:278:13-69
	android:name
		ADDED from MyApplication\DoAPP\AndroidManifest.xml:275:13-72
	android:launchMode
		ADDED from MyApplication\DoAPP\AndroidManifest.xml:276:13-44
activity#com.lanxiao.doapp.activity.VideoCallActivity
ADDED from MyApplication\DoAPP\AndroidManifest.xml:280:9-285:72
	android:screenOrientation
		ADDED from MyApplication\DoAPP\AndroidManifest.xml:284:13-49
	android:configChanges
		ADDED from MyApplication\DoAPP\AndroidManifest.xml:282:13-74
	android:theme
		ADDED from MyApplication\DoAPP\AndroidManifest.xml:285:13-69
	android:name
		ADDED from MyApplication\DoAPP\AndroidManifest.xml:281:13-72
	android:launchMode
		ADDED from MyApplication\DoAPP\AndroidManifest.xml:283:13-44
activity#com.lanxiao.doapp.activity.GroupSimpleDetailActivity
ADDED from MyApplication\DoAPP\AndroidManifest.xml:287:9-290:72
	android:screenOrientation
		ADDED from MyApplication\DoAPP\AndroidManifest.xml:289:13-49
	android:theme
		ADDED from MyApplication\DoAPP\AndroidManifest.xml:290:13-69
	android:name
		ADDED from MyApplication\DoAPP\AndroidManifest.xml:288:13-80
activity#com.lanxiao.doapp.activity.GroupBlacklistActivity
ADDED from MyApplication\DoAPP\AndroidManifest.xml:292:9-295:72
	android:screenOrientation
		ADDED from MyApplication\DoAPP\AndroidManifest.xml:294:13-49
	android:theme
		ADDED from MyApplication\DoAPP\AndroidManifest.xml:295:13-69
	android:name
		ADDED from MyApplication\DoAPP\AndroidManifest.xml:293:13-77
activity#com.lanxiao.doapp.activity.PublicGroupsSeachActivity
ADDED from MyApplication\DoAPP\AndroidManifest.xml:296:9-299:72
	android:screenOrientation
		ADDED from MyApplication\DoAPP\AndroidManifest.xml:298:13-49
	android:theme
		ADDED from MyApplication\DoAPP\AndroidManifest.xml:299:13-69
	android:name
		ADDED from MyApplication\DoAPP\AndroidManifest.xml:297:13-80
activity#com.lanxiao.doapp.activity.EditActivity
ADDED from MyApplication\DoAPP\AndroidManifest.xml:300:9-304:58
	android:windowSoftInputMode
		ADDED from MyApplication\DoAPP\AndroidManifest.xml:304:13-55
	android:screenOrientation
		ADDED from MyApplication\DoAPP\AndroidManifest.xml:302:13-49
	android:theme
		ADDED from MyApplication\DoAPP\AndroidManifest.xml:303:13-69
	android:name
		ADDED from MyApplication\DoAPP\AndroidManifest.xml:301:13-67
activity#com.lanxiao.doapp.activity.ShowVideoActivity
ADDED from MyApplication\DoAPP\AndroidManifest.xml:305:9-309:63
	android:windowSoftInputMode
		ADDED from MyApplication\DoAPP\AndroidManifest.xml:309:13-60
	android:screenOrientation
		ADDED from MyApplication\DoAPP\AndroidManifest.xml:307:13-49
	android:theme
		ADDED from MyApplication\DoAPP\AndroidManifest.xml:308:13-69
	android:name
		ADDED from MyApplication\DoAPP\AndroidManifest.xml:306:13-72
activity#com.lanxiao.doapp.activity.ImageGridActivity
ADDED from MyApplication\DoAPP\AndroidManifest.xml:311:9-315:63
	android:windowSoftInputMode
		ADDED from MyApplication\DoAPP\AndroidManifest.xml:315:13-60
	android:screenOrientation
		ADDED from MyApplication\DoAPP\AndroidManifest.xml:313:13-49
	android:theme
		ADDED from MyApplication\DoAPP\AndroidManifest.xml:314:13-69
	android:name
		ADDED from MyApplication\DoAPP\AndroidManifest.xml:312:13-72
activity#com.lanxiao.doapp.activity.RecorderVideoActivity
ADDED from MyApplication\DoAPP\AndroidManifest.xml:316:9-320:63
	android:windowSoftInputMode
		ADDED from MyApplication\DoAPP\AndroidManifest.xml:320:13-60
	android:screenOrientation
		ADDED from MyApplication\DoAPP\AndroidManifest.xml:318:13-49
	android:theme
		ADDED from MyApplication\DoAPP\AndroidManifest.xml:319:13-69
	android:name
		ADDED from MyApplication\DoAPP\AndroidManifest.xml:317:13-76
activity#com.lanxiao.doapp.activity.DiagnoseActivity
ADDED from MyApplication\DoAPP\AndroidManifest.xml:322:9-326:63
	android:windowSoftInputMode
		ADDED from MyApplication\DoAPP\AndroidManifest.xml:326:13-60
	android:screenOrientation
		ADDED from MyApplication\DoAPP\AndroidManifest.xml:324:13-49
	android:theme
		ADDED from MyApplication\DoAPP\AndroidManifest.xml:325:13-69
	android:name
		ADDED from MyApplication\DoAPP\AndroidManifest.xml:323:13-71
activity#com.lanxiao.doapp.activity.OfflinePushNickActivity
ADDED from MyApplication\DoAPP\AndroidManifest.xml:329:9-333:63
	android:windowSoftInputMode
		ADDED from MyApplication\DoAPP\AndroidManifest.xml:333:13-60
	android:screenOrientation
		ADDED from MyApplication\DoAPP\AndroidManifest.xml:331:13-49
	android:theme